<?xml version="1.0" encoding="UTF-8"?>
<testng-results ignored="0" total="1" passed="1" failed="0" skipped="0">
  <reporter-output>
  </reporter-output>
  <suite started-at="2022-09-28T18:02:54 IST" name="Default suite" finished-at="2022-09-28T18:02:55 IST" duration-ms="1834">
    <groups>
    </groups>
    <test started-at="2022-09-28T18:02:54 IST" name="Default test" finished-at="2022-09-28T18:02:55 IST" duration-ms="1834">
      <class name="validateStatusCode">
        <test-method signature="validate()[pri:0, instance:validateStatusCode@67c33749]" started-at="2022-09-28T18:02:54 IST" name="validate" finished-at="2022-09-28T18:02:55 IST" duration-ms="1793" status="PASS">
          <reporter-output>
          </reporter-output>
        </test-method> <!-- validate -->
      </class> <!-- validateStatusCode -->
    </test> <!-- Default test -->
  </suite> <!-- Default suite -->
</testng-results>
